<?xml version="1.0" encoding="UTF-8"?>
<!-- Generated by org.testng.reporters.JUnitXMLReporter -->
<testsuite hostname="DESKTOP-L3D1IKQ" ignored="0" name="Default test" tests="5" failures="0" timestamp="2020-07-18T16:02:19 AEST" time="192.669" errors="0">
  <testcase name="halfEbayRegister" time="2.51" classname="com.parameters.HalfEbayTest"/>
  <testcase name="halfEbayRegister" time="1.824" classname="com.parameters.HalfEbayTest"/>
  <testcase name="halfEbayRegister" time="2.206" classname="com.parameters.HalfEbayTest"/>
  <testcase name="halfEbayRegister" time="1.534" classname="com.parameters.HalfEbayTest"/>
  <testcase name="halfEbayRegister" time="1.677" classname="com.parameters.HalfEbayTest"/>
</testsuite> <!-- Default test -->
